[List description]
[Description]
 Text=? (default)
 FileVersion=11
 RootTable=Data
 Units=SCM-Units
 Metric=2
 TextQuote.Start=1
 TextQuote.End=1
 RepresentationCode.CondStart=171
 RepresentationCode.CondSep=166
 RepresentationCode.CondEnd=187
 RepresentationCode.Tab=247
 RepresentationCode.Ret=182
 RepresentationCode.PhantomSpace=8203
 RepresentationCode.LockNextChar=8288
 RepresentationCode.ExprSep=164
 LCID=1033
 UserVars.ManualSortOrder=1
 Created=06/05/2002, 07:53:44
 CreatedByApp=MSACCESS.EXE [9.0.4506]
 CreatedByDLL=cm32L8.dll [8,38,0,0 (02-05-27 11:01)]
 CreatedByUser=tdesalvo on ADESALVO
 LastModified=9/9/2015, 8:32:54 AM
 LastModifiedByApp=LLACCESSTONETUPGRADE.VSHOST.EXE [12.0.21005.1]
 LastModifiedByDLL=CMLL19.DLL [19.0.2013.29712 (13-10-18 12:39)F]
 LastModifiedByUser=cvalerino on STSYRW015
 CreatedByCallFrom=clr.dll
 [@DatabaseStructure]
  {
  [DatabaseStructure]
   {
   [Table:Data]
	{
	}
   }
  }
[Layout]
 P1.Template=
 xGrid=762
 yGrid=762
 GridShow=FALSE
 GridSnap=FALSE
 EnhancedExpressions=TRUE
 EnhancedOldExpressions=FALSE
 Decimals=2
 RealDataPreviewPageLimit=-2
 DefFont={(0,0,0),12.000000,-20,0,0,0,400,0,0,0,0,4,0,2,0,Arial}
 HelpLines.Horizontal=
 HelpLines.Vertical=
 PDF.MaxOutlineDepth=2
 PDF.MaxOutlineDepth.IDX=3
 ObjectCount=8
[UserSection]

[SumVariables]
[Layer]
 Name=Base
 Condition=
 WorkspaceColor=(102,102,102)
 Visible=TRUE
 LayerID=0
[Layer]
 Name=First Page
 Condition=Page() = 1
 WorkspaceColor=(197,207,10)
 Visible=TRUE
 LayerID=1
[Layer]
 Name=Following Pages
 Condition=Page() <> 1
 WorkspaceColor=(161,203,243)
 Visible=TRUE
 LayerID=2
[ProjectTemplates]
 [@ProjectTemplates]
  {
  [ProjectTemplates]
   {
   }
  }
[Object]
 ObjectID=1
 ObjectName=Text
 Locked=FALSE
 LinkID=2
 LinkToID=0
 LinkMode=32
 LayerID=0
 LayerCond=
 GroupID=0
 Identifier=
 Condition=True
 UserLocked=False
 WrapBefore=False
 ExportAsPicture=False
 Position/Left=86360
 Position/Top=262636
 Position/Width=43180
 Position/Height=8382
 Direction=0
 bFill=0
 Frame/Layout=0
 Frame/Left/Spacing=0
 Frame/Left/Line=False
 Frame/Top/Spacing=0
 Frame/Top/Line=False
 Frame/Right/Spacing=0
 Frame/Right/Line=False
 Frame/Bottom/Spacing=0
 Frame/Bottom/Line=False
 PDFLevel=0
 PDFText=
 IndexPDFLevel=0
 IndexPDFText=
 IssueCondition=True
 bPageWrap=False
 bBottomAligned=False
 [@Lines]
  {
  [Lines]
   {
   [Line]
	{
	[Font]
	 {
	 Default=True
	 }
	Align=1
	Adjusted=False
	Uneraseable=False
	LineWrap=1
	PageWrapAllowed=False
	ForceWrap=False
	SpaceOptimization=True
	Spacing.Paragraph=0
	Spacing.Line=0
	OutputFormatter=
	Condition=True
	Text="- Page "+Atrim$(str$(Page(),20))+" -"
	Tab=0
	TabAlign=0
	}
   }
  }
[Object]
 ObjectID=1
 ObjectName=Text
 Locked=FALSE
 LinkID=4
 LinkToID=0
 LinkMode=32
 LayerID=0
 LayerCond=
 GroupID=0
 Identifier=
 Condition=True
 UserLocked=False
 WrapBefore=False
 ExportAsPicture=False
 Position/Left=7112
 Position/Top=6604
 Position/Width=73406
 Position/Height=8382
 Direction=0
 bFill=0
 Frame/Layout=0
 Frame/Left/Spacing=0
 Frame/Left/Line=False
 Frame/Top/Spacing=0
 Frame/Top/Line=False
 Frame/Right/Spacing=0
 Frame/Right/Line=False
 Frame/Bottom/Spacing=0
 Frame/Bottom/Line=False
 PDFLevel=0
 PDFText=
 IndexPDFLevel=0
 IndexPDFText=
 IssueCondition=True
 bPageWrap=False
 bBottomAligned=False
 [@Lines]
  {
  [Lines]
   {
   [Line]
	{
	[Font]
	 {
	 Default=False
	 FaceName="Arial"
	 GdiCharSet=0
	 Size=16.0
	 Width=0
	 Bold=True
	 Italic=False
	 Underline=False
	 Strikeout=False
	 Color=LL.Color.Black
	 PitchAndFamily=0
	 OutPrecision=4
	 }
	Align=1
	Adjusted=False
	Uneraseable=False
	LineWrap=0
	PageWrapAllowed=False
	ForceWrap=False
	SpaceOptimization=True
	Spacing.Paragraph=0
	Spacing.Line=0
	OutputFormatter=
	Condition=True
	Text="Pick Tote List"
	Tab=0
	TabAlign=0
	}
   }
  }
[Object]
 ObjectID=6
 ObjectName=Report Container
 Locked=FALSE
 LinkID=5
 LinkToID=0
 LinkMode=32
 LayerID=0
 LayerCond=
 GroupID=0
 Identifier=
 Condition=True
 UserLocked=False
 WrapBefore=False
 Position/Left=6350
 Position/Top=57658
 Position/Width=201676
 Position/Height=201168
 Direction=0
 PDFLevel=0
 PDFText=
 IndexPDFLevel=0
 IndexPDFText=
 IssueCondition=True
 DefaultFont/Default=True
 DefaultFont/FaceName="Arial"
 DefaultFont/GdiCharSet=0
 DefaultFont/Size=12.0
 DefaultFont/Width=0
 DefaultFont/Bold=False
 DefaultFont/Italic=False
 DefaultFont/Underline=False
 DefaultFont/Strikeout=False
 DefaultFont/Color=LL.Color.Black
 DefaultFont/PitchAndFamily=0
 DefaultFont/OutPrecision=4
 FgColor=RGB(0,0,0)
 bFill=0
 CurrentTable=0
 ColumnCount=0
 ColumnCount.Distance=0
 [@Tables]
  {
  [Tables]
   {
   [Table]
	{
	TableType=List
	TableID=Data
	RelationID=
	[GroupHeaderLines]
	 {
	 bConcatDataLines=False
	 bKeepTogether=False
	 }
	[GroupFooterLines]
	 {
	 bAlsoOnEmptyGroup=False
	 bKeepTogether=False
	 }
	[DataLines]
	 {
	 bKeepTogether=False
	 bSuppress=False
	 bForceSumCalculation=True
	 }
	ZebraPattern=0
	[FooterLines]
	 {
	 bKeepTogether=False
	 }
	PageBreakCondition=False
	[DefaultFrame]
	 {
	 Layout=1
	 [Left]
	  {
	  Spacing=0
	  Line=True
	  [Line]
	   {
	   Color=LL.Color.Black
	   LineType=0
	   }
	  LineWidth=0
	  }
	 [Top]
	  {
	  Spacing=0
	  Line=True
	  [Line]
	   {
	   Color=LL.Color.Black
	   LineType=0
	   }
	  LineWidth=0
	  }
	 [Right]
	  {
	  Spacing=0
	  Line=True
	  [Line]
	   {
	   Color=LL.Color.Black
	   LineType=0
	   }
	  LineWidth=0
	  }
	 [Bottom]
	  {
	  Spacing=0
	  Line=True
	  [Line]
	   {
	   Color=LL.Color.Black
	   LineType=0
	   }
	  LineWidth=0
	  }
	 }
	ColumnCount=0
	ColumnCount.Distance=0
	ColumnBreakCondition=False
	ColumnBreakBefore=False
	bFooterOnBottom=False
	bFillBottom=False
	Identifier=
	Condition=True
	UseSepTicks=True
	DistanceTop=0
	WrapBefore=False
	ShowInContextUI=True
	PDFLevel=0
	PDFText=
	IndexPDFLevel=0
	IndexPDFText=
	Expandable=False
	FormulaFilter=True
	DesignScheme="PROJECT"
	[Body]
	 {
	 [Lines]
	  {
	  [Line]
	   {
	   [Columns]
		{
		[Column]
		 {
		 Identifier=
		 OutputFormatter=
		 Text=Data.Item_Number
		 Width=47752
		 Height=9906
		 FixedHeight=0
		 bIsotropic=True
		 PlainTextFormat=True
		 Align=0
		 AlignDecPosition=-9906
		 VAlign=0
		 DrawingAlignment=8
		 Adjusted=False
		 LineWrap=1
		 ForceWrap=False
		 FlowControl=False
		 Spacing.Line=0
		 bFill=0
		 FgColor=LL.Color.Black
		 SpaceOptimization=False
		 Link.URL=
		 WithText=False
		 [Frame]
		  {
		  Default=False
		  Layout=1
		  [Left]
		   {
		   Spacing=762
		   Line=True
		   [Line]
			{
			Color=LL.Color.Black
			LineType=0
			}
		   LineWidth=0
		   }
		  [Top]
		   {
		   Spacing=254
		   Line=True
		   [Line]
			{
			Color=LL.Color.Black
			LineType=0
			}
		   LineWidth=0
		   }
		  [Right]
		   {
		   Spacing=762
		   Line=False
		   }
		  [Bottom]
		   {
		   Spacing=254
		   Line=True
		   [Line]
			{
			Color=LL.Color.Black
			LineType=0
			}
		   LineWidth=0
		   }
		  }
		 [Font]
		  {
		  Default=True
		  }
		 Direction=0
		 BarWidth=0
		 [BarWidth]
		  {
		  Align=0
		  }
		 BarRatio=0
		 ExportAsPicture=False
		 DwgSaveAsJPEG=False
		 Condition=True
		 }
		[Column]
		 {
		 Identifier=
		 OutputFormatter=
		 Text=Data.Description
		 Width=72390
		 Height=9906
		 FixedHeight=0
		 bIsotropic=True
		 PlainTextFormat=True
		 Align=0
		 AlignDecPosition=-9906
		 VAlign=0
		 DrawingAlignment=8
		 Adjusted=False
		 LineWrap=1
		 ForceWrap=False
		 FlowControl=False
		 Spacing.Line=0
		 bFill=0
		 FgColor=LL.Color.Black
		 SpaceOptimization=False
		 Link.URL=
		 WithText=False
		 [Frame]
		  {
		  Default=False
		  Layout=1
		  [Left]
		   {
		   Spacing=762
		   Line=True
		   [Line]
			{
			Color=LL.Color.Black
			LineType=0
			}
		   LineWidth=0
		   }
		  [Top]
		   {
		   Spacing=254
		   Line=True
		   [Line]
			{
			Color=LL.Color.Black
			LineType=0
			}
		   LineWidth=0
		   }
		  [Right]
		   {
		   Spacing=762
		   Line=False
		   }
		  [Bottom]
		   {
		   Spacing=254
		   Line=True
		   [Line]
			{
			Color=LL.Color.Black
			LineType=0
			}
		   LineWidth=0
		   }
		  }
		 [Font]
		  {
		  Default=True
		  }
		 Direction=0
		 BarWidth=0
		 [BarWidth]
		  {
		  Align=0
		  }
		 BarRatio=0
		 ExportAsPicture=False
		 DwgSaveAsJPEG=False
		 Condition=True
		 }
		[Column]
		 {
		 Identifier=
		 OutputFormatter=
		 Text=Data.Location_Name
		 Width=26162
		 Height=9906
		 FixedHeight=0
		 bIsotropic=True
		 PlainTextFormat=True
		 Align=0
		 AlignDecPosition=-9906
		 VAlign=0
		 DrawingAlignment=8
		 Adjusted=False
		 LineWrap=1
		 ForceWrap=False
		 FlowControl=False
		 Spacing.Line=0
		 bFill=0
		 FgColor=LL.Color.Black
		 SpaceOptimization=False
		 Link.URL=
		 WithText=False
		 [Frame]
		  {
		  Default=False
		  Layout=1
		  [Left]
		   {
		   Spacing=762
		   Line=True
		   [Line]
			{
			Color=LL.Color.Black
			LineType=0
			}
		   LineWidth=0
		   }
		  [Top]
		   {
		   Spacing=254
		   Line=True
		   [Line]
			{
			Color=LL.Color.Black
			LineType=0
			}
		   LineWidth=0
		   }
		  [Right]
		   {
		   Spacing=762
		   Line=False
		   }
		  [Bottom]
		   {
		   Spacing=254
		   Line=True
		   [Line]
			{
			Color=LL.Color.Black
			LineType=0
			}
		   LineWidth=0
		   }
		  }
		 [Font]
		  {
		  Default=True
		  }
		 Direction=0
		 BarWidth=0
		 [BarWidth]
		  {
		  Align=0
		  }
		 BarRatio=0
		 ExportAsPicture=False
		 DwgSaveAsJPEG=False
		 Condition=True
		 }
		[Column]
		 {
		 Identifier=
		 OutputFormatter=
		 Text=Data.Zone
		 Width=8636
		 Height=9906
		 FixedHeight=0
		 bIsotropic=True
		 PlainTextFormat=True
		 Align=1
		 AlignDecPosition=-9906
		 VAlign=0
		 DrawingAlignment=8
		 Adjusted=False
		 LineWrap=0
		 ForceWrap=False
		 FlowControl=False
		 Spacing.Line=0
		 bFill=0
		 FgColor=LL.Color.Black
		 SpaceOptimization=False
		 Link.URL=
		 WithText=False
		 [Frame]
		  {
		  Default=False
		  Layout=1
		  [Left]
		   {
		   Spacing=762
		   Line=True
		   [Line]
			{
			Color=LL.Color.Black
			LineType=0
			}
		   LineWidth=0
		   }
		  [Top]
		   {
		   Spacing=254
		   Line=True
		   [Line]
			{
			Color=LL.Color.Black
			LineType=0
			}
		   LineWidth=0
		   }
		  [Right]
		   {
		   Spacing=762
		   Line=False
		   }
		  [Bottom]
		   {
		   Spacing=254
		   Line=True
		   [Line]
			{
			Color=LL.Color.Black
			LineType=0
			}
		   LineWidth=0
		   }
		  }
		 [Font]
		  {
		  Default=True
		  }
		 Direction=0
		 BarWidth=0
		 [BarWidth]
		  {
		  Align=0
		  }
		 BarRatio=0
		 ExportAsPicture=False
		 DwgSaveAsJPEG=False
		 Condition=True
		 }
		[Column]
		 {
		 Identifier=
		 OutputFormatter=
		 Text=Data.Row
		 Width=15494
		 Height=9906
		 FixedHeight=0
		 bIsotropic=True
		 PlainTextFormat=True
		 Align=1
		 AlignDecPosition=-9906
		 VAlign=0
		 DrawingAlignment=8
		 Adjusted=False
		 LineWrap=0
		 ForceWrap=False
		 FlowControl=False
		 Spacing.Line=0
		 bFill=0
		 FgColor=LL.Color.Black
		 SpaceOptimization=False
		 Link.URL=
		 WithText=False
		 [Frame]
		  {
		  Default=False
		  Layout=1
		  [Left]
		   {
		   Spacing=762
		   Line=True
		   [Line]
			{
			Color=LL.Color.Black
			LineType=0
			}
		   LineWidth=0
		   }
		  [Top]
		   {
		   Spacing=254
		   Line=True
		   [Line]
			{
			Color=LL.Color.Black
			LineType=0
			}
		   LineWidth=0
		   }
		  [Right]
		   {
		   Spacing=762
		   Line=False
		   }
		  [Bottom]
		   {
		   Spacing=254
		   Line=True
		   [Line]
			{
			Color=LL.Color.Black
			LineType=0
			}
		   LineWidth=0
		   }
		  }
		 [Font]
		  {
		  Default=True
		  }
		 Direction=0
		 BarWidth=0
		 [BarWidth]
		  {
		  Align=0
		  }
		 BarRatio=0
		 ExportAsPicture=False
		 DwgSaveAsJPEG=False
		 Condition=True
		 }
		[Column]
		 {
		 Identifier=
		 OutputFormatter=
		 Text=Data.Shelf
		 Width=7620
		 Height=9906
		 FixedHeight=0
		 bIsotropic=True
		 PlainTextFormat=True
		 Align=1
		 AlignDecPosition=-9906
		 VAlign=0
		 DrawingAlignment=8
		 Adjusted=False
		 LineWrap=0
		 ForceWrap=False
		 FlowControl=False
		 Spacing.Line=0
		 bFill=0
		 FgColor=LL.Color.Black
		 SpaceOptimization=False
		 Link.URL=
		 WithText=False
		 [Frame]
		  {
		  Default=False
		  Layout=1
		  [Left]
		   {
		   Spacing=762
		   Line=True
		   [Line]
			{
			Color=LL.Color.Black
			LineType=0
			}
		   LineWidth=0
		   }
		  [Top]
		   {
		   Spacing=254
		   Line=True
		   [Line]
			{
			Color=LL.Color.Black
			LineType=0
			}
		   LineWidth=0
		   }
		  [Right]
		   {
		   Spacing=762
		   Line=False
		   }
		  [Bottom]
		   {
		   Spacing=254
		   Line=True
		   [Line]
			{
			Color=LL.Color.Black
			LineType=0
			}
		   LineWidth=0
		   }
		  }
		 [Font]
		  {
		  Default=True
		  }
		 Direction=0
		 BarWidth=0
		 [BarWidth]
		  {
		  Align=0
		  }
		 BarRatio=0
		 ExportAsPicture=False
		 DwgSaveAsJPEG=False
		 Condition=True
		 }
		[Column]
		 {
		 Identifier=
		 OutputFormatter=
		 Text=Data.Bin
		 Width=7112
		 Height=9906
		 FixedHeight=0
		 bIsotropic=True
		 PlainTextFormat=True
		 Align=1
		 AlignDecPosition=-9906
		 VAlign=0
		 DrawingAlignment=8
		 Adjusted=False
		 LineWrap=0
		 ForceWrap=False
		 FlowControl=False
		 Spacing.Line=0
		 bFill=0
		 FgColor=LL.Color.Black
		 SpaceOptimization=False
		 Link.URL=
		 WithText=False
		 [Frame]
		  {
		  Default=False
		  Layout=1
		  [Left]
		   {
		   Spacing=762
		   Line=True
		   [Line]
			{
			Color=LL.Color.Black
			LineType=0
			}
		   LineWidth=0
		   }
		  [Top]
		   {
		   Spacing=254
		   Line=True
		   [Line]
			{
			Color=LL.Color.Black
			LineType=0
			}
		   LineWidth=0
		   }
		  [Right]
		   {
		   Spacing=762
		   Line=False
		   }
		  [Bottom]
		   {
		   Spacing=254
		   Line=True
		   [Line]
			{
			Color=LL.Color.Black
			LineType=0
			}
		   LineWidth=0
		   }
		  }
		 [Font]
		  {
		  Default=True
		  }
		 Direction=0
		 BarWidth=0
		 [BarWidth]
		  {
		  Align=0
		  }
		 BarRatio=0
		 ExportAsPicture=False
		 DwgSaveAsJPEG=False
		 Condition=True
		 }
		[Column]
		 {
		 Identifier=
		 OutputFormatter=
		 Text=Data.Transaction_Quantity
		 Width=22606
		 Height=9906
		 FixedHeight=0
		 bIsotropic=True
		 PlainTextFormat=True
		 Align=2
		 AlignDecPosition=-9906
		 VAlign=0
		 DrawingAlignment=8
		 Adjusted=False
		 LineWrap=0
		 ForceWrap=False
		 FlowControl=False
		 Spacing.Line=0
		 bFill=0
		 FgColor=LL.Color.Black
		 SpaceOptimization=False
		 Link.URL=
		 WithText=False
		 [Frame]
		  {
		  Default=False
		  Layout=1
		  [Left]
		   {
		   Spacing=762
		   Line=True
		   [Line]
			{
			Color=LL.Color.Black
			LineType=0
			}
		   LineWidth=0
		   }
		  [Top]
		   {
		   Spacing=254
		   Line=True
		   [Line]
			{
			Color=LL.Color.Black
			LineType=0
			}
		   LineWidth=0
		   }
		  [Right]
		   {
		   Spacing=762
		   Line=True
		   [Line]
			{
			Color=LL.Color.Black
			LineType=0
			}
		   LineWidth=0
		   }
		  [Bottom]
		   {
		   Spacing=254
		   Line=True
		   [Line]
			{
			Color=LL.Color.Black
			LineType=0
			}
		   LineWidth=0
		   }
		  }
		 [Font]
		  {
		  Default=True
		  }
		 Direction=0
		 BarWidth=0
		 [BarWidth]
		  {
		  Align=0
		  }
		 BarRatio=0
		 ExportAsPicture=False
		 DwgSaveAsJPEG=False
		 Condition=True
		 }
		}
	   [Options]
		{
		Description=Line Definition  1
		[LFont]
		 {
		 Default=True
		 }
		DisplayInDesigner=True
		PDFLevel=0
		PDFText=
		IndexPDFLevel=0
		IndexPDFText=
		[ReservedSpace]
		 {
		 Left=0
		 Top=0
		 Right=0
		 Bottom=0
		 }
		LCondition=True
		Anchor=0
		Anchor.ToTop=True
		}
	   }
	  }
	 [Options]
	  {
	  }
	 }
	[Header]
	 {
	 [Lines]
	  {
	  [Line]
	   {
	   [Columns]
		{
		[Column]
		 {
		 Identifier=
		 OutputFormatter=
		 Text="Item_Number"
		 Width=47752
		 Height=9906
		 FixedHeight=0
		 bIsotropic=True
		 PlainTextFormat=True
		 Align=0
		 AlignDecPosition=-9906
		 VAlign=0
		 DrawingAlignment=8
		 Adjusted=False
		 LineWrap=0
		 ForceWrap=False
		 FlowControl=False
		 Spacing.Line=0
		 bFill=0
		 FgColor=LL.Color.Black
		 SpaceOptimization=False
		 Link.URL=
		 WithText=False
		 [Frame]
		  {
		  Default=False
		  Layout=1
		  [Left]
		   {
		   Spacing=762
		   Line=True
		   [Line]
			{
			Color=LL.Color.Black
			LineType=0
			}
		   LineWidth=0
		   }
		  [Top]
		   {
		   Spacing=254
		   Line=True
		   [Line]
			{
			Color=LL.Color.Black
			LineType=0
			}
		   LineWidth=0
		   }
		  [Right]
		   {
		   Spacing=762
		   Line=False
		   }
		  [Bottom]
		   {
		   Spacing=254
		   Line=True
		   [Line]
			{
			Color=LL.Color.Black
			LineType=0
			}
		   LineWidth=254
		   }
		  }
		 [Font]
		  {
		  Default=True
		  }
		 Direction=0
		 BarWidth=0
		 [BarWidth]
		  {
		  Align=0
		  }
		 BarRatio=0
		 ExportAsPicture=False
		 DwgSaveAsJPEG=False
		 Condition=True
		 }
		[Column]
		 {
		 Identifier=
		 OutputFormatter=
		 Text="Description"
		 Width=72390
		 Height=9906
		 FixedHeight=0
		 bIsotropic=True
		 PlainTextFormat=True
		 Align=0
		 AlignDecPosition=-9906
		 VAlign=0
		 DrawingAlignment=8
		 Adjusted=False
		 LineWrap=0
		 ForceWrap=False
		 FlowControl=False
		 Spacing.Line=0
		 bFill=0
		 FgColor=LL.Color.Black
		 SpaceOptimization=False
		 Link.URL=
		 WithText=False
		 [Frame]
		  {
		  Default=False
		  Layout=1
		  [Left]
		   {
		   Spacing=762
		   Line=True
		   [Line]
			{
			Color=LL.Color.Black
			LineType=0
			}
		   LineWidth=0
		   }
		  [Top]
		   {
		   Spacing=254
		   Line=True
		   [Line]
			{
			Color=LL.Color.Black
			LineType=0
			}
		   LineWidth=0
		   }
		  [Right]
		   {
		   Spacing=762
		   Line=False
		   }
		  [Bottom]
		   {
		   Spacing=254
		   Line=True
		   [Line]
			{
			Color=LL.Color.Black
			LineType=0
			}
		   LineWidth=254
		   }
		  }
		 [Font]
		  {
		  Default=True
		  }
		 Direction=0
		 BarWidth=0
		 [BarWidth]
		  {
		  Align=0
		  }
		 BarRatio=0
		 ExportAsPicture=False
		 DwgSaveAsJPEG=False
		 Condition=True
		 }
		[Column]
		 {
		 Identifier=
		 OutputFormatter=
		 Text="Location"
		 Width=64008
		 Height=9906
		 FixedHeight=0
		 bIsotropic=True
		 PlainTextFormat=True
		 Align=0
		 AlignDecPosition=-9906
		 VAlign=0
		 DrawingAlignment=8
		 Adjusted=False
		 LineWrap=0
		 ForceWrap=False
		 FlowControl=False
		 Spacing.Line=0
		 bFill=0
		 FgColor=LL.Color.Black
		 SpaceOptimization=False
		 Link.URL=
		 WithText=False
		 [Frame]
		  {
		  Default=False
		  Layout=1
		  [Left]
		   {
		   Spacing=762
		   Line=True
		   [Line]
			{
			Color=LL.Color.Black
			LineType=0
			}
		   LineWidth=0
		   }
		  [Top]
		   {
		   Spacing=254
		   Line=True
		   [Line]
			{
			Color=LL.Color.Black
			LineType=0
			}
		   LineWidth=0
		   }
		  [Right]
		   {
		   Spacing=762
		   Line=False
		   }
		  [Bottom]
		   {
		   Spacing=254
		   Line=True
		   [Line]
			{
			Color=LL.Color.Black
			LineType=0
			}
		   LineWidth=254
		   }
		  }
		 [Font]
		  {
		  Default=True
		  }
		 Direction=0
		 BarWidth=0
		 [BarWidth]
		  {
		  Align=0
		  }
		 BarRatio=0
		 ExportAsPicture=False
		 DwgSaveAsJPEG=False
		 Condition=True
		 }
		[Column]
		 {
		 Identifier=
		 OutputFormatter=
		 Text="Pick Qty"
		 Width=22352
		 Height=9906
		 FixedHeight=0
		 bIsotropic=True
		 PlainTextFormat=True
		 Align=0
		 AlignDecPosition=-9906
		 VAlign=0
		 DrawingAlignment=8
		 Adjusted=False
		 LineWrap=0
		 ForceWrap=False
		 FlowControl=False
		 Spacing.Line=0
		 bFill=0
		 FgColor=LL.Color.Black
		 SpaceOptimization=False
		 Link.URL=
		 WithText=False
		 [Frame]
		  {
		  Default=False
		  Layout=1
		  [Left]
		   {
		   Spacing=762
		   Line=True
		   [Line]
			{
			Color=LL.Color.Black
			LineType=0
			}
		   LineWidth=0
		   }
		  [Top]
		   {
		   Spacing=254
		   Line=True
		   [Line]
			{
			Color=LL.Color.Black
			LineType=0
			}
		   LineWidth=0
		   }
		  [Right]
		   {
		   Spacing=762
		   Line=True
		   [Line]
			{
			Color=LL.Color.Black
			LineType=0
			}
		   LineWidth=0
		   }
		  [Bottom]
		   {
		   Spacing=254
		   Line=True
		   [Line]
			{
			Color=LL.Color.Black
			LineType=0
			}
		   LineWidth=254
		   }
		  }
		 [Font]
		  {
		  Default=True
		  }
		 Direction=0
		 BarWidth=0
		 [BarWidth]
		  {
		  Align=0
		  }
		 BarRatio=0
		 ExportAsPicture=False
		 DwgSaveAsJPEG=False
		 Condition=True
		 }
		}
	   [Options]
		{
		Description=Line Definition  1
		[LFont]
		 {
		 Default=True
		 }
		DisplayInDesigner=True
		PDFLevel=0
		PDFText=
		IndexPDFLevel=0
		IndexPDFText=
		[ReservedSpace]
		 {
		 Left=0
		 Top=0
		 Right=0
		 Bottom=0
		 }
		LCondition=True
		Anchor=0
		Anchor.ToTop=True
		}
	   }
	  }
	 [Options]
	  {
	  }
	 }
	[Footer]
	 {
	 [Lines]
	  {
	  [Line]
	   {
	   [Columns]
		{
		}
	   [Options]
		{
		Description=
		[LFont]
		 {
		 Default=True
		 }
		DisplayInDesigner=True
		PDFLevel=0
		PDFText=
		IndexPDFLevel=0
		IndexPDFText=
		[ReservedSpace]
		 {
		 Left=0
		 Top=0
		 Right=0
		 Bottom=0
		 }
		LCondition=True
		Anchor=0
		Anchor.ToTop=True
		}
	   }
	  }
	 [Options]
	  {
	  }
	 }
	[GroupHeader]
	 {
	 [Lines]
	  {
	  [Line]
	   {
	   [Columns]
		{
		[Column]
		 {
		 Identifier=
		 OutputFormatter=
		 Text=Data.Tote_ID
		 Width=0
		 Height=9906
		 FixedHeight=0
		 bIsotropic=True
		 PlainTextFormat=True
		 Align=0
		 AlignDecPosition=-9906
		 VAlign=0
		 DrawingAlignment=8
		 Adjusted=False
		 LineWrap=1
		 ForceWrap=False
		 FlowControl=False
		 Spacing.Line=0
		 bFill=0
		 FgColor=LL.Color.Black
		 SpaceOptimization=True
		 Link.URL=
		 WithText=False
		 [Frame]
		  {
		  Default=False
		  Layout=1
		  [Left]
		   {
		   Spacing=762
		   Line=False
		   }
		  [Top]
		   {
		   Spacing=254
		   Line=False
		   }
		  [Right]
		   {
		   Spacing=762
		   Line=False
		   }
		  [Bottom]
		   {
		   Spacing=254
		   Line=False
		   }
		  }
		 [Font]
		  {
		  Default=True
		  }
		 Direction=0
		 BarWidth=0
		 [BarWidth]
		  {
		  Align=0
		  }
		 BarRatio=0
		 ExportAsPicture=False
		 DwgSaveAsJPEG=False
		 Condition=True
		 }
		}
	   [Options]
		{
		Description=Line Definition  1
		[LFont]
		 {
		 Default=True
		 }
		DisplayInDesigner=True
		PDFLevel=1
		PDFText=
		IndexPDFLevel=0
		IndexPDFText=
		[ReservedSpace]
		 {
		 Left=0
		 Top=0
		 Right=0
		 Bottom=0
		 }
		LCondition=@Tote_ID<>""
		Anchor=0
		Anchor.ToTop=True
		GroupCondition=@Tote_ID
		ResetSums=
		OnNewPage=True
		PrintRightAfterHeader=False
		}
	   }
	  }
	 [Options]
	  {
	  }
	 }
	[GroupFooter]
	 {
	 [Lines]
	  {
	  [Line]
	   {
	   [Columns]
		{
		}
	   [Options]
		{
		Description=
		[LFont]
		 {
		 Default=True
		 }
		DisplayInDesigner=True
		PDFLevel=0
		PDFText=
		IndexPDFLevel=0
		IndexPDFText=
		[ReservedSpace]
		 {
		 Left=0
		 Top=0
		 Right=0
		 Bottom=762
		 }
		LCondition=True
		Anchor=0
		Anchor.ToTop=True
		GroupCondition=
		ResetSums=
		TriggerNewPage=False
		}
	   }
	  }
	 [Options]
	  {
	  }
	 }
	}
   }
  }
[Object]
 ObjectID=4
 ObjectName=Barcode
 Locked=FALSE
 LinkID=9
 LinkToID=0
 LinkMode=32
 LayerID=0
 LayerCond=
 GroupID=0
 Identifier=
 Condition=True
 UserLocked=False
 WrapBefore=False
 ExportAsPicture=False
 Position/Left=108712
 Position/Top=36576
 Position/Width=92456
 Position/Height=11176
 Direction=0
 Frame/Layout=0
 Frame/Left/Spacing=0
 Frame/Left/Line=False
 Frame/Top/Spacing=0
 Frame/Top/Line=False
 Frame/Right/Spacing=0
 Frame/Right/Line=False
 Frame/Bottom/Spacing=0
 Frame/Bottom/Line=False
 PDFLevel=0
 PDFText=
 IndexPDFLevel=0
 IndexPDFText=
 IssueCondition=True
 FgColor=RGB(0,0,0)
 bText=True
 bUseDefSize=False
 Font/Default=True
 Font/FaceName="Arial"
 Font/GdiCharSet=0
 Font/Size=12.0
 Font/Width=0
 Font/Bold=False
 Font/Italic=False
 Font/Underline=False
 Font/Strikeout=False
 Font/Color=LL.Color.Black
 Font/PitchAndFamily=0
 Font/OutPrecision=4
 BarWidth=0
 BarWidth/Align=0
 BarRatio=0
 Mode=1
 Formula=Barcode (@Batch_ID,"CODE 128")
[Object]
 ObjectID=4
 ObjectName=Barcode
 Locked=FALSE
 LinkID=13
 LinkToID=0
 LinkMode=32
 LayerID=0
 LayerCond=
 GroupID=0
 Identifier=
 Condition=True
 UserLocked=False
 WrapBefore=False
 ExportAsPicture=False
 Position/Left=128270
 Position/Top=13970
 Position/Width=54356
 Position/Height=12192
 Direction=0
 Frame/Layout=0
 Frame/Left/Spacing=0
 Frame/Left/Line=False
 Frame/Top/Spacing=0
 Frame/Top/Line=False
 Frame/Right/Spacing=0
 Frame/Right/Line=False
 Frame/Bottom/Spacing=0
 Frame/Bottom/Line=False
 PDFLevel=0
 PDFText=
 IndexPDFLevel=0
 IndexPDFText=
 IssueCondition=True
 FgColor=RGB(0,0,0)
 bText=True
 bUseDefSize=False
 Font/Default=True
 Font/FaceName="Arial"
 Font/GdiCharSet=0
 Font/Size=12.0
 Font/Width=0
 Font/Bold=False
 Font/Italic=False
 Font/Underline=False
 Font/Strikeout=False
 Font/Color=LL.Color.Black
 Font/PitchAndFamily=0
 Font/OutPrecision=4
 BarWidth=0
 BarWidth/Align=0
 BarRatio=0
 Mode=1
 Formula=Barcode (@Tote_ID,"CODE 128")
[Object]
 ObjectID=5
 ObjectName=Picture
 Locked=FALSE
 LinkID=14
 LinkToID=0
 LinkMode=32
 LayerID=0
 LayerCond=
 GroupID=0
 Identifier=
 Condition=True
 UserLocked=False
 WrapBefore=False
 ExportAsPicture=False
 Position/Left=7620
 Position/Top=18034
 Position/Width=74676
 Position/Height=20828
 Direction=0
 Frame/Layout=0
 Frame/Left/Spacing=0
 Frame/Left/Line=False
 Frame/Top/Spacing=0
 Frame/Top/Line=False
 Frame/Right/Spacing=0
 Frame/Right/Line=False
 Frame/Bottom/Spacing=0
 Frame/Bottom/Line=False
 PDFLevel=0
 PDFText=
 IndexPDFLevel=0
 IndexPDFText=
 IssueCondition=True
 Mode=0
 Filename=C:\Clients\White\Logo.bmp
 bRelPath=False
 DwgSaveAsJPEG=False
 Embedded=False
 OriginalSize=False
 bIsotropic=False
 Alignment=0
[Object]
 ObjectID=1
 ObjectName=Text
 Locked=FALSE
 LinkID=10
 LinkToID=0
 LinkMode=32
 LayerID=0
 LayerCond=
 GroupID=0
 Identifier=
 Condition=True
 UserLocked=False
 WrapBefore=False
 ExportAsPicture=False
 Position/Left=117094
 Position/Top=30988
 Position/Width=70104
 Position/Height=6096
 Direction=0
 bFill=0
 Frame/Layout=0
 Frame/Left/Spacing=0
 Frame/Left/Line=False
 Frame/Top/Spacing=0
 Frame/Top/Line=False
 Frame/Right/Spacing=0
 Frame/Right/Line=False
 Frame/Bottom/Spacing=0
 Frame/Bottom/Line=False
 PDFLevel=0
 PDFText=
 IndexPDFLevel=0
 IndexPDFText=
 IssueCondition=True
 bPageWrap=False
 bBottomAligned=False
 [@Lines]
  {
  [Lines]
   {
   [Line]
	{
	[Font]
	 {
	 Default=False
	 FaceName="Arial"
	 GdiCharSet=0
	 Size=12.0
	 Width=0
	 Bold=True
	 Italic=False
	 Underline=False
	 Strikeout=False
	 Color=LL.Color.Black
	 PitchAndFamily=0
	 OutPrecision=4
	 }
	Align=1
	Adjusted=False
	Uneraseable=False
	LineWrap=0
	PageWrapAllowed=False
	ForceWrap=False
	SpaceOptimization=True
	Spacing.Paragraph=0
	Spacing.Line=0
	OutputFormatter=
	Condition=True
	Text="Batch ID"
	Tab=0
	TabAlign=0
	}
   }
  }
[Object]
 ObjectID=1
 ObjectName=Text
 Locked=FALSE
 LinkID=12
 LinkToID=0
 LinkMode=32
 LayerID=0
 LayerCond=
 GroupID=0
 Identifier=
 Condition=True
 UserLocked=False
 WrapBefore=False
 ExportAsPicture=False
 Position/Left=120904
 Position/Top=7874
 Position/Width=70104
 Position/Height=6096
 Direction=0
 bFill=0
 Frame/Layout=0
 Frame/Left/Spacing=0
 Frame/Left/Line=False
 Frame/Top/Spacing=0
 Frame/Top/Line=False
 Frame/Right/Spacing=0
 Frame/Right/Line=False
 Frame/Bottom/Spacing=0
 Frame/Bottom/Line=False
 PDFLevel=0
 PDFText=
 IndexPDFLevel=0
 IndexPDFText=
 IssueCondition=True
 bPageWrap=False
 bBottomAligned=False
 [@Lines]
  {
  [Lines]
   {
   [Line]
	{
	[Font]
	 {
	 Default=False
	 FaceName="Arial"
	 GdiCharSet=0
	 Size=12.0
	 Width=0
	 Bold=True
	 Italic=False
	 Underline=False
	 Strikeout=False
	 Color=LL.Color.Black
	 PitchAndFamily=0
	 OutPrecision=4
	 }
	Align=1
	Adjusted=False
	Uneraseable=False
	LineWrap=0
	PageWrapAllowed=False
	ForceWrap=False
	SpaceOptimization=True
	Spacing.Paragraph=0
	Spacing.Line=0
	OutputFormatter=
	Condition=True
	Text="Tote ID" + "  for  Tote " + fstr$(@Tote_Number,"##")
	Tab=0
	TabAlign=0
	}
   }
  }
[UserVariables]
 User1=@Batch_ID;Data.Batch_ID
 User2=@Tote_ID;Data.Tote_ID
 User3=@Tote_Number;Data.Tote_Number
[Parameters]
 [@Parameters]
  {
  [Parameters]
   {
   LL.ActiveLayout=Standard Layout
   LL.ProjectDescription=? (default)
   }
  }
[UsedIdentifiers]
 Fields=Data.Batch ID;Data.Bin;Data.Description;Data.Item Number;Data.Location Name;Data.Row;Data.Shelf;Data.Tote ID;Data.Tote Number;Data.Transaction Quantity;Data.Zone
[PageLayouts]
 [@PageLayouts]
  {
  [PageLayouts]
   {
   [PageLayout]
	{
	DisplayName=
	Condition=True
	SourceTray=15
	ForcePaperFormat=True
	UsePhysicalPaper=True
	PaperFormat=1
	PaperFormat.cx=215900
	PaperFormat.cy=279400
	PaperFormat.Orientation=1
	Copies=1
	Duplex=0
	Collate=0
	FitPage=False
	ShowInPrintDialog=True
	}
   }
  }
[ExtendedInfo]
 [@ExtendedInfos]
  {
  [UserDefinedDesignScheme]
   {
   [Foreground]
	{
	Color=(173,215,227)
	Color=(167,195,209)
	Color=(165,170,199)
	Color=(155,122,153)
	Color=(135,95,119)
	Color=(255,230,179)
	Color=(238,190,93)
	Color=(242,167,17)
	Color=(166,178,102)
	Color=(102,204,199)
	}
   [Background]
	{
	Color=(240,249,255)
	Color=(255,230,179)
	Color=(173,215,227)
	Color=(167,195,209)
	FillMode=1
	}
   }
  }
